#
# A fatal error has been detected by the Java Runtime Environment:
#
#  EXCEPTION_ACCESS_VIOLATION (0xc0000005) at pc=0x000007fec7af0660, pid=9484, tid=5204
#
# JRE version: OpenJDK Runtime Environment (11.0.12+7) (build 11.0.12+7-b1504.28-7817840)
# Java VM: OpenJDK 64-Bit Server VM (11.0.12+7-b1504.28-7817840, mixed mode, tiered, compressed oops, g1 gc, windows-amd64)
# Problematic frame:
# V  [jvm.dll+0x5c0660]
#
# No core dump will be written. Minidumps are not enabled by default on client versions of Windows
#
# If you would like to submit a bug report, please visit:
#   https://bugreport.java.com/bugreport/crash.jsp
#

---------------  S U M M A R Y ------------

Command Line: --add-opens=java.base/java.util=ALL-UNNAMED --add-opens=java.base/java.lang=ALL-UNNAMED --add-opens=java.base/java.lang.invoke=ALL-UNNAMED --add-opens=java.base/java.util=ALL-UNNAMED --add-opens=java.prefs/java.util.prefs=ALL-UNNAMED --add-opens=java.prefs/java.util.prefs=ALL-UNNAMED --add-opens=java.base/java.nio.charset=ALL-UNNAMED --add-opens=java.base/java.net=ALL-UNNAMED --add-opens=java.base/java.util.concurrent.atomic=ALL-UNNAMED -Xmx2048m -Dfile.encoding=UTF-8 -Duser.country=BR -Duser.language=pt -Duser.variant org.gradle.launcher.daemon.bootstrap.GradleDaemon 7.2

Host: AMD E-300 APU with Radeon(tm) HD Graphics, 2 cores, 7G,  Windows 7 , 64 bit Build 7601 (6.1.7601.24545)
Time: Fri May 20 21:33:45 2022 Hora oficial do Brasil elapsed time: 478.081332 seconds (0d 0h 7m 58s)

---------------  T H R E A D  ---------------

Current thread (0x000000001d713800):  JavaThread "C2 CompilerThread0" daemon [_thread_in_native, id=5204, stack(0x000000001df80000,0x000000001e080000)]


Current CompileTask:
C2: 478081 12286       4       java.io.WinNTFileSystem::resolve (275 bytes)

Stack: [0x000000001df80000,0x000000001e080000],  sp=0x000000001e07d4a0,  free space=1013k
Native frames: (J=compiled Java code, j=interpreted, Vv=VM code, C=native code)
V  [jvm.dll+0x5c0660]
V  [jvm.dll+0x5c0843]
V  [jvm.dll+0x1ae154]
V  [jvm.dll+0x1ad78e]
V  [jvm.dll+0x33dae4]
V  [jvm.dll+0x343e78]
V  [jvm.dll+0x614600]
V  [jvm.dll+0x6147c8]
V  [jvm.dll+0x617268]
V  [jvm.dll+0x610dea]
V  [jvm.dll+0x610453]
V  [jvm.dll+0x60e4a2]
V  [jvm.dll+0x18addc]
V  [jvm.dll+0x1ff4b5]
V  [jvm.dll+0x18868c]
V  [jvm.dll+0x20e0d7]
V  [jvm.dll+0x20c901]
V  [jvm.dll+0x6f9b7f]
V  [jvm.dll+0x6f26a5]
V  [jvm.dll+0x5fabf6]
C  [ucrtbase.DLL+0x1f4a0]
C  [kernel32.dll+0x1556d]
C  [ntdll.dll+0x5372d]


siginfo: EXCEPTION_ACCESS_VIOLATION (0xc0000005), reading address 0x0000000000000014


Register to memory mapping:

RIP=0x000007fec7af0660 jvm.dll
RAX=0x0 is NULL
RBX=0x0000000000920000 points into unknown readable memory: 0x0000000000000000 | 00 00 00 00 00 00 00 00
RCX=0x000000001e07d4c0 is pointing into the stack for thread: 0x000000001d713800
RDX=0x000000001e07d570 is pointing into the stack for thread: 0x000000001d713800
RSP=0x000000001e07d4a0 is pointing into the stack for thread: 0x000000001d713800
RBP=0x000000001e07d4e9 is pointing into the stack for thread: 0x000000001d713800
RSI=0x000000001e07d570 is pointing into the stack for thread: 0x000000001d713800
RDI=0x000000002784a5a0 points into unknown readable memory: 0x000007fec7d3ec20 | 20 ec d3 c7 fe 07 00 00
R8 =0x000000002784a501 points into unknown readable memory: a8 33 3f 01 00 00 00
R9 =0x00000000000000fa is an unknown value
R10=0x000000007ffffffd is an unknown value
R11=0x000000001e07d688 is pointing into the stack for thread: 0x000000001d713800
R12=0x000000001fdd5550 points into unknown readable memory: 0x2e6f692e6176616a | 6a 61 76 61 2e 69 6f 2e
R13=0x000000001fddc5f8 points into unknown readable memory: 0x10bd7f94565901cc | cc 01 59 56 94 7f bd 10
R14=0x00000000000000fa is an unknown value
R15=0x000000001fdd4610 points into unknown readable memory: 0x0000000000000000 | 00 00 00 00 00 00 00 00


Registers:
RAX=0x0000000000000000, RBX=0x0000000000920000, RCX=0x000000001e07d4c0, RDX=0x000000001e07d570
RSP=0x000000001e07d4a0, RBP=0x000000001e07d4e9, RSI=0x000000001e07d570, RDI=0x000000002784a5a0
R8 =0x000000002784a501, R9 =0x00000000000000fa, R10=0x000000007ffffffd, R11=0x000000001e07d688
R12=0x000000001fdd5550, R13=0x000000001fddc5f8, R14=0x00000000000000fa, R15=0x000000001fdd4610
RIP=0x000007fec7af0660, EFLAGS=0x0000000000010206

Top of Stack: (sp=0x000000001e07d4a0)
0x000000001e07d4a0:   000000001e07de20 0000000020d282b8
0x000000001e07d4b0:   00000000208b7b50 000007fec7acb8e4
0x000000001e07d4c0:   000000002865a390 000007fec7b58574
0x000000001e07d4d0:   000000000000000c 0000000000000604
0x000000001e07d4e0:   000000002865a390 000000001d730128
0x000000001e07d4f0:   000000002865a390 000007fec7c37b16
0x000000001e07d500:   0000000000000000 000000001d730850
0x000000001e07d510:   000000001e07de20 000007fec7b59be6
0x000000001e07d520:   0000000020db0f58 000007fec7c379a5
0x000000001e07d530:   00000000000000fa 0000000000920000
0x000000001e07d540:   00000000000000fa 000007fec7af0843
0x000000001e07d550:   0000000020db0f58 000000001e07d640
0x000000001e07d560:   0000000027851450 0000000000000005
0x000000001e07d570:   0000000000000000 000000001d730850
0x000000001e07d580:   0000000000000000 000007fec7c376e3
0x000000001e07d590:   0000000000000000 000007fec76de154 

Instructions: (pc=0x000007fec7af0660)
0x000007fec7af0560:   00 00 00 00 00 00 00 00 00 01 00 00 00 00 00 00
0x000007fec7af0570:   00 15 00 00 00 00 00 00 00 00 00 00 00 00 00 00
0x000007fec7af0580:   00 00 00 00 16 00 00 00 00 00 cc cc cc cc cc cc
0x000007fec7af0590:   40 53 48 83 ec 70 48 8b d9 c6 44 24 20 00 48 8d
0x000007fec7af05a0:   4c 24 30 45 33 c9 4c 8d 05 03 ea 45 00 33 d2 e8
0x000007fec7af05b0:   6c 3b 14 00 48 8b cb e8 e4 02 00 00 48 8d 4c 24
0x000007fec7af05c0:   30 e8 ea 3b 14 00 45 33 c9 c6 44 24 20 00 4c 8d
0x000007fec7af05d0:   05 f3 e9 45 00 33 d2 48 8d 4c 24 30 e8 3f 3b 14
0x000007fec7af05e0:   00 48 8b cb e8 a7 0e 00 00 48 8d 4c 24 30 e8 bd
0x000007fec7af05f0:   3b 14 00 45 33 c9 c6 44 24 20 00 4c 8d 05 de e9
0x000007fec7af0600:   45 00 33 d2 48 8d 4c 24 30 e8 12 3b 14 00 48 8b
0x000007fec7af0610:   cb e8 ca 11 00 00 48 8d 4c 24 30 e8 90 3b 14 00
0x000007fec7af0620:   48 83 c4 70 5b c3 cc cc cc cc cc cc cc cc cc cc
0x000007fec7af0630:   48 89 5c 24 10 48 89 74 24 18 55 57 41 56 48 8d
0x000007fec7af0640:   6c 24 b9 48 81 ec 90 00 00 00 48 8b 01 49 8b f8
0x000007fec7af0650:   48 8b f2 48 8b d9 41 b0 01 48 8d 4d d7 45 8b f1
0x000007fec7af0660:   48 63 50 14 e8 67 1f b5 ff c6 45 e7 01 44 3b 73
0x000007fec7af0670:   08 75 12 48 8d 53 10 48 8d 4d d7 e8 40 2b b5 ff
0x000007fec7af0680:   e9 d0 00 00 00 44 39 73 60 0f 84 92 00 00 00 48
0x000007fec7af0690:   89 7d f7 48 85 ff 75 18 33 c0 48 89 45 ff 48 89
0x000007fec7af06a0:   45 0f 48 89 45 07 48 89 45 2f 48 89 45 1f eb 45
0x000007fec7af06b0:   48 83 7f 78 00 48 8b 47 28 4c 89 bc 24 b0 00 00
0x000007fec7af06c0:   00 44 8b 7f 48 48 89 45 ff 75 08 48 8b cf e8 1d
0x000007fec7af06d0:   d1 be ff 48 8b 4f 78 33 c0 48 89 45 0f 48 89 45
0x000007fec7af06e0:   07 48 89 4d 2f 4a 8d 04 39 48 89 4d 1f 4c 8b bc
0x000007fec7af06f0:   24 b0 00 00 00 41 8b d6 48 89 45 27 48 8d 4d f7
0x000007fec7af0700:   e8 fb 70 bf ff 48 63 43 0c 48 8d 55 f7 48 03 45
0x000007fec7af0710:   1f 48 8b cb 48 89 45 27 e8 a3 f9 ff ff 44 89 73
0x000007fec7af0720:   60 48 8d 53 20 48 8d 4d d7 e8 42 2d b5 ff 48 8d
0x000007fec7af0730:   53 50 48 8d 4d d7 e8 75 29 b5 ff 48 8d 53 40 48
0x000007fec7af0740:   8d 4d d7 e8 28 2d b5 ff 48 8d 53 30 48 8d 4d d7
0x000007fec7af0750:   e8 1b 2d b5 ff 0f 10 45 d7 4c 8d 9c 24 90 00 00 


Stack slot to memory mapping:
stack at sp + 0 slots: 0x000000001e07de20 is pointing into the stack for thread: 0x000000001d713800
stack at sp + 1 slots: 0x0000000020d282b8 points into unknown readable memory: 0x000007fec7d9af38 | 38 af d9 c7 fe 07 00 00
stack at sp + 2 slots: 0x00000000208b7b50 points into unknown readable memory: 0x000007fec7d3afe0 | e0 af d3 c7 fe 07 00 00
stack at sp + 3 slots: 0x000007fec7acb8e4 jvm.dll
stack at sp + 4 slots: 0x000000002865a390 points into unknown readable memory: 0x000007fec7d1f018 | 18 f0 d1 c7 fe 07 00 00
stack at sp + 5 slots: 0x000007fec7b58574 jvm.dll
stack at sp + 6 slots: 0x000000000000000c is an unknown value
stack at sp + 7 slots: 0x0000000000000604 is an unknown value


---------------  P R O C E S S  ---------------

Threads class SMR info:
_java_thread_list=0x0000000024b08b00, length=56, elements={
0x0000000000401800, 0x0000000015577800, 0x0000000015579800, 0x0000000015573800,
0x0000000015574800, 0x000000001d710000, 0x000000001d713800, 0x000000001d740000,
0x000000001d759800, 0x000000001e399800, 0x000000001f085800, 0x000000001f227800,
0x000000001f69d800, 0x000000001f44e000, 0x000000001f3a4800, 0x000000001f3bc800,
0x000000001f024800, 0x000000001fa24000, 0x000000001d740800, 0x000000001d741800,
0x000000001d742800, 0x000000001d743000, 0x000000001d744000, 0x000000001d744800,
0x000000001d745800, 0x000000001d746800, 0x000000001d747000, 0x000000001d748000,
0x000000001d749000, 0x000000001d74b000, 0x000000001d74d800, 0x000000001d74e800,
0x0000000024542000, 0x0000000024542800, 0x0000000024543800, 0x0000000024544000,
0x0000000024545000, 0x0000000024546000, 0x0000000024546800, 0x0000000024547800,
0x0000000020a92000, 0x0000000020a93000, 0x0000000020a94000, 0x0000000020a94800,
0x0000000020a95800, 0x0000000020a96800, 0x0000000020a97000, 0x0000000020a98000,
0x0000000020a99000, 0x0000000020a9a000, 0x0000000020a9b000, 0x0000000020a9c000,
0x0000000020a9c800, 0x0000000020a9e800, 0x0000000020aa0000, 0x00000000283d6800
}

Java Threads: ( => current thread )
  0x0000000000401800 JavaThread "main" [_thread_blocked, id=6712, stack(0x00000000024a0000,0x00000000025a0000)]
  0x0000000015577800 JavaThread "Reference Handler" daemon [_thread_blocked, id=7288, stack(0x000000001d9e0000,0x000000001dae0000)]
  0x0000000015579800 JavaThread "Finalizer" daemon [_thread_blocked, id=9032, stack(0x000000001db10000,0x000000001dc10000)]
  0x0000000015573800 JavaThread "Signal Dispatcher" daemon [_thread_blocked, id=5264, stack(0x000000001cbb0000,0x000000001ccb0000)]
  0x0000000015574800 JavaThread "Attach Listener" daemon [_thread_blocked, id=5780, stack(0x000000001de00000,0x000000001df00000)]
  0x000000001d710000 JavaThread "Service Thread" daemon [_thread_blocked, id=10680, stack(0x000000001dc60000,0x000000001dd60000)]
=>0x000000001d713800 JavaThread "C2 CompilerThread0" daemon [_thread_in_native, id=5204, stack(0x000000001df80000,0x000000001e080000)]
  0x000000001d740000 JavaThread "C1 CompilerThread0" daemon [_thread_blocked, id=9272, stack(0x000000001e1c0000,0x000000001e2c0000)]
  0x000000001d759800 JavaThread "Sweeper thread" daemon [_thread_blocked, id=10644, stack(0x000000001e0a0000,0x000000001e1a0000)]
  0x000000001e399800 JavaThread "Common-Cleaner" daemon [_thread_blocked, id=10668, stack(0x000000001e6f0000,0x000000001e7f0000)]
  0x000000001f085800 JavaThread "Daemon health stats" [_thread_blocked, id=3140, stack(0x00000000217b0000,0x00000000218b0000)]
  0x000000001f227800 JavaThread "Incoming local TCP Connector on port 55132" [_thread_in_native, id=1360, stack(0x0000000021e70000,0x0000000021f70000)]
  0x000000001f69d800 JavaThread "Daemon periodic checks" [_thread_blocked, id=8440, stack(0x0000000022240000,0x0000000022340000)]
  0x000000001f44e000 JavaThread "Daemon" [_thread_blocked, id=6996, stack(0x00000000223b0000,0x00000000224b0000)]
  0x000000001f3a4800 JavaThread "Handler for socket connection from /127.0.0.1:55132 to /127.0.0.1:55139" [_thread_in_native, id=10124, stack(0x00000000225e0000,0x00000000226e0000)]
  0x000000001f3bc800 JavaThread "Cancel handler" [_thread_blocked, id=8368, stack(0x0000000022720000,0x0000000022820000)]
  0x000000001f024800 JavaThread "Daemon worker" [_thread_in_native, id=8092, stack(0x00000000224c0000,0x00000000225c0000)]
  0x000000001fa24000 JavaThread "Asynchronous log dispatcher for DefaultDaemonConnection: socket connection from /127.0.0.1:55132 to /127.0.0.1:55139" [_thread_blocked, id=8676, stack(0x00000000228c0000,0x00000000229c0000)]
  0x000000001d740800 JavaThread "Daemon client event forwarder" [_thread_blocked, id=3372, stack(0x0000000022c40000,0x0000000022d40000)]
  0x000000001d741800 JavaThread "Cache worker for journal cache (C:\Users\ton\.gradle\caches\journal-1)" [_thread_blocked, id=3988, stack(0x0000000023550000,0x0000000023650000)]
  0x000000001d742800 JavaThread "File lock request listener" [_thread_in_native, id=8244, stack(0x0000000023760000,0x0000000023860000)]
  0x000000001d743000 JavaThread "Cache worker for file hash cache (C:\Users\ton\.gradle\caches\7.2\fileHashes)" [_thread_blocked, id=10808, stack(0x0000000023950000,0x0000000023a50000)]
  0x000000001d744000 JavaThread "Cache worker for file hash cache (C:\Users\ton\projeto-integrador-digital-house-marvel\.gradle\7.2\fileHashes)" [_thread_blocked, id=3012, stack(0x0000000023ce0000,0x0000000023de0000)]
  0x000000001d744800 JavaThread "jar transforms" [_thread_blocked, id=8332, stack(0x0000000024ff0000,0x00000000250f0000)]
  0x000000001d745800 JavaThread "jar transforms Thread 2" [_thread_blocked, id=5472, stack(0x00000000251b0000,0x00000000252b0000)]
  0x000000001d746800 JavaThread "Cache worker for checksums cache (C:\Users\ton\projeto-integrador-digital-house-marvel\.gradle\checksums)" [_thread_blocked, id=10164, stack(0x0000000025330000,0x0000000025430000)]
  0x000000001d747000 JavaThread "Cache worker for cache directory md-supplier (C:\Users\ton\.gradle\caches\7.2\md-supplier)" [_thread_blocked, id=11184, stack(0x0000000025750000,0x0000000025850000)]
  0x000000001d748000 JavaThread "Cache worker for cache directory md-rule (C:\Users\ton\.gradle\caches\7.2\md-rule)" [_thread_blocked, id=8204, stack(0x0000000025940000,0x0000000025a40000)]
  0x000000001d749000 JavaThread "Cache worker for execution history cache (C:\Users\ton\.gradle\caches\7.2\executionHistory)" [_thread_blocked, id=8516, stack(0x0000000025b50000,0x0000000025c50000)]
  0x000000001d74b000 JavaThread "Cache worker for file content cache (C:\Users\ton\.gradle\caches\7.2\fileContent)" [_thread_blocked, id=9456, stack(0x00000000260c0000,0x00000000261c0000)]
  0x000000001d74d800 JavaThread "Cache worker for dependencies-accessors (C:\Users\ton\projeto-integrador-digital-house-marvel\.gradle\7.2\dependencies-accessors)" [_thread_blocked, id=11048, stack(0x0000000026ee0000,0x0000000026fe0000)]
  0x000000001d74e800 JavaThread "Cache worker for Build Output Cleanup Cache (C:\Users\ton\projeto-integrador-digital-house-marvel\.gradle\buildOutputCleanup)" [_thread_blocked, id=2388, stack(0x0000000022fa0000,0x00000000230a0000)]
  0x0000000024542000 JavaThread "Unconstrained build operations" [_thread_blocked, id=10392, stack(0x00000000261d0000,0x00000000262d0000)]
  0x0000000024542800 JavaThread "Unconstrained build operations Thread 2" [_thread_blocked, id=6384, stack(0x0000000027400000,0x0000000027500000)]
  0x0000000024543800 JavaThread "Unconstrained build operations Thread 3" [_thread_blocked, id=11204, stack(0x0000000028df0000,0x0000000028ef0000)]
  0x0000000024544000 JavaThread "Unconstrained build operations Thread 4" [_thread_blocked, id=11260, stack(0x0000000028f90000,0x0000000029090000)]
  0x0000000024545000 JavaThread "Unconstrained build operations Thread 5" [_thread_blocked, id=9344, stack(0x00000000275c0000,0x00000000276c0000)]
  0x0000000024546000 JavaThread "Unconstrained build operations Thread 6" [_thread_blocked, id=10864, stack(0x0000000029100000,0x0000000029200000)]
  0x0000000024546800 JavaThread "Unconstrained build operations Thread 7" [_thread_blocked, id=7936, stack(0x0000000029260000,0x0000000029360000)]
  0x0000000024547800 JavaThread "Unconstrained build operations Thread 8" [_thread_blocked, id=10688, stack(0x0000000029410000,0x0000000029510000)]
  0x0000000020a92000 JavaThread "Unconstrained build operations Thread 9" [_thread_blocked, id=10872, stack(0x0000000029610000,0x0000000029710000)]
  0x0000000020a93000 JavaThread "Unconstrained build operations Thread 10" [_thread_blocked, id=5572, stack(0x00000000297a0000,0x00000000298a0000)]
  0x0000000020a94000 JavaThread "Unconstrained build operations Thread 11" [_thread_blocked, id=10444, stack(0x00000000299d0000,0x0000000029ad0000)]
  0x0000000020a94800 JavaThread "Unconstrained build operations Thread 12" [_thread_blocked, id=8536, stack(0x0000000029b80000,0x0000000029c80000)]
  0x0000000020a95800 JavaThread "Unconstrained build operations Thread 13" [_thread_blocked, id=10436, stack(0x0000000029d50000,0x0000000029e50000)]
  0x0000000020a96800 JavaThread "Unconstrained build operations Thread 14" [_thread_blocked, id=10152, stack(0x0000000025a40000,0x0000000025b40000)]
  0x0000000020a97000 JavaThread "Unconstrained build operations Thread 15" [_thread_blocked, id=3808, stack(0x0000000029510000,0x0000000029610000)]
  0x0000000020a98000 JavaThread "Unconstrained build operations Thread 16" [_thread_blocked, id=1212, stack(0x0000000029e80000,0x0000000029f80000)]
  0x0000000020a99000 JavaThread "Unconstrained build operations Thread 17" [_thread_blocked, id=4020, stack(0x000000002a090000,0x000000002a190000)]
  0x0000000020a9a000 JavaThread "Unconstrained build operations Thread 18" [_thread_blocked, id=11136, stack(0x000000002a2e0000,0x000000002a3e0000)]
  0x0000000020a9b000 JavaThread "Unconstrained build operations Thread 19" [_thread_blocked, id=4600, stack(0x000000002a480000,0x000000002a580000)]
  0x0000000020a9c000 JavaThread "Unconstrained build operations Thread 20" [_thread_blocked, id=8312, stack(0x000000002a5a0000,0x000000002a6a0000)]
  0x0000000020a9c800 JavaThread "Memory manager" [_thread_blocked, id=1404, stack(0x000000002c350000,0x000000002c450000)]
  0x0000000020a9e800 JavaThread "build event listener" [_thread_blocked, id=10572, stack(0x0000000029f90000,0x000000002a090000)]
  0x0000000020aa0000 JavaThread "pool-3-thread-1" [_thread_blocked, id=6256, stack(0x000000002d2f0000,0x000000002d3f0000)]
  0x00000000283d6800 JavaThread "Cache worker for execution history cache (C:\Users\ton\projeto-integrador-digital-house-marvel\.gradle\7.2\executionHistory)" [_thread_blocked, id=7572, stack(0x00000000298d0000,0x00000000299d0000)]

Other Threads:
  0x0000000015563800 VMThread "VM Thread" [stack: 0x000000001d880000,0x000000001d980000] [id=8296]
  0x000000001e3bf000 WatcherThread [stack: 0x000000001e7f0000,0x000000001e8f0000] [id=3700]
  0x000000000041b800 GCTaskThread "GC Thread#0" [stack: 0x0000000015580000,0x0000000015680000] [id=10828]
  0x000000001e487800 GCTaskThread "GC Thread#1" [stack: 0x000000001e910000,0x000000001ea10000] [id=10024]
  0x000000000044b800 ConcurrentGCThread "G1 Main Marker" [stack: 0x000000001a620000,0x000000001a720000] [id=7024]
  0x000000000044d000 ConcurrentGCThread "G1 Conc#0" [stack: 0x000000001a4b0000,0x000000001a5b0000] [id=10380]
  0x00000000154b1800 ConcurrentGCThread "G1 Refine#0" [stack: 0x000000001ca20000,0x000000001cb20000] [id=9296]
  0x000000001e658800 ConcurrentGCThread "G1 Refine#1" [stack: 0x0000000021b50000,0x0000000021c50000] [id=2212]
  0x00000000154b2000 ConcurrentGCThread "G1 Young RemSet Sampling" [stack: 0x000000001ccf0000,0x000000001cdf0000] [id=9264]

Threads with active compile tasks:
C2 CompilerThread0 478466 12286       4       java.io.WinNTFileSystem::resolve (275 bytes)

VM state:not at safepoint (normal execution)

VM Mutex/Monitor currently owned by a thread: None

Heap address: 0x0000000080000000, size: 2048 MB, Compressed Oops mode: 32-bit
Narrow klass base: 0x0000000000000000, Narrow klass shift: 3
Compressed class space size: 1073741824 Address: 0x000000013f310000

Heap:
 garbage-first heap   total 218112K, used 121516K [0x0000000080000000, 0x0000000100000000)
  region size 1024K, 13 young (13312K), 8 survivors (8192K)
 Metaspace       used 95712K, capacity 97831K, committed 98076K, reserved 1134592K
  class space    used 12078K, capacity 12832K, committed 12928K, reserved 1048576K
Heap Regions: E=young(eden), S=young(survivor), O=old, HS=humongous(starts), HC=humongous(continues), CS=collection set, F=free, A=archive, TAMS=top-at-mark-start (previous, next)
|   0|0x0000000080000000, 0x0000000080100000, 0x0000000080100000|100%| O|  |TAMS 0x0000000080100000, 0x0000000080000000| Untracked 
|   1|0x0000000080100000, 0x0000000080200000, 0x0000000080200000|100%| O|  |TAMS 0x0000000080200000, 0x0000000080100000| Untracked 
|   2|0x0000000080200000, 0x0000000080300000, 0x0000000080300000|100%| O|  |TAMS 0x0000000080300000, 0x0000000080200000| Untracked 
|   3|0x0000000080300000, 0x0000000080400000, 0x0000000080400000|100%| O|  |TAMS 0x0000000080400000, 0x0000000080300000| Untracked 
|   4|0x0000000080400000, 0x0000000080500000, 0x0000000080500000|100%|HS|  |TAMS 0x0000000080500000, 0x0000000080400000| Complete 
|   5|0x0000000080500000, 0x0000000080600000, 0x0000000080600000|100%|HC|  |TAMS 0x0000000080600000, 0x0000000080500000| Complete 
|   6|0x0000000080600000, 0x0000000080700000, 0x0000000080700000|100%|HC|  |TAMS 0x0000000080700000, 0x0000000080600000| Complete 
|   7|0x0000000080700000, 0x0000000080800000, 0x0000000080800000|100%| O|  |TAMS 0x0000000080800000, 0x0000000080700000| Untracked 
|   8|0x0000000080800000, 0x0000000080900000, 0x0000000080900000|100%| O|  |TAMS 0x0000000080900000, 0x0000000080800000| Untracked 
|   9|0x0000000080900000, 0x0000000080a00000, 0x0000000080a00000|100%| O|  |TAMS 0x0000000080a00000, 0x0000000080900000| Untracked 
|  10|0x0000000080a00000, 0x0000000080b00000, 0x0000000080b00000|100%| O|  |TAMS 0x0000000080b00000, 0x0000000080a00000| Untracked 
|  11|0x0000000080b00000, 0x0000000080c00000, 0x0000000080c00000|100%| O|  |TAMS 0x0000000080c00000, 0x0000000080b00000| Untracked 
|  12|0x0000000080c00000, 0x0000000080d00000, 0x0000000080d00000|100%| O|  |TAMS 0x0000000080d00000, 0x0000000080c00000| Untracked 
|  13|0x0000000080d00000, 0x0000000080e00000, 0x0000000080e00000|100%| O|  |TAMS 0x0000000080e00000, 0x0000000080d00000| Untracked 
|  14|0x0000000080e00000, 0x0000000080f00000, 0x0000000080f00000|100%| O|  |TAMS 0x0000000080f00000, 0x0000000080e00000| Untracked 
|  15|0x0000000080f00000, 0x0000000081000000, 0x0000000081000000|100%| O|  |TAMS 0x0000000081000000, 0x0000000080f00000| Untracked 
|  16|0x0000000081000000, 0x0000000081100000, 0x0000000081100000|100%|HS|  |TAMS 0x0000000081100000, 0x0000000081000000| Complete 
|  17|0x0000000081100000, 0x0000000081200000, 0x0000000081200000|100%|HC|  |TAMS 0x0000000081200000, 0x0000000081100000| Complete 
|  18|0x0000000081200000, 0x0000000081300000, 0x0000000081300000|100%|HS|  |TAMS 0x0000000081300000, 0x0000000081200000| Complete 
|  19|0x0000000081300000, 0x0000000081400000, 0x0000000081400000|100%|HC|  |TAMS 0x0000000081400000, 0x0000000081300000| Complete 
|  20|0x0000000081400000, 0x0000000081500000, 0x0000000081500000|100%|HC|  |TAMS 0x0000000081500000, 0x0000000081400000| Complete 
|  21|0x0000000081500000, 0x0000000081600000, 0x0000000081600000|100%|HS|  |TAMS 0x0000000081600000, 0x0000000081500000| Complete 
|  22|0x0000000081600000, 0x0000000081700000, 0x0000000081700000|100%| O|  |TAMS 0x0000000081700000, 0x0000000081600000| Untracked 
|  23|0x0000000081700000, 0x0000000081800000, 0x0000000081800000|100%|HS|  |TAMS 0x0000000081800000, 0x0000000081700000| Complete 
|  24|0x0000000081800000, 0x0000000081900000, 0x0000000081900000|100%|HC|  |TAMS 0x0000000081900000, 0x0000000081800000| Complete 
|  25|0x0000000081900000, 0x0000000081a00000, 0x0000000081a00000|100%|HC|  |TAMS 0x0000000081a00000, 0x0000000081900000| Complete 
|  26|0x0000000081a00000, 0x0000000081b00000, 0x0000000081b00000|100%|HC|  |TAMS 0x0000000081b00000, 0x0000000081a00000| Complete 
|  27|0x0000000081b00000, 0x0000000081c00000, 0x0000000081c00000|100%| O|  |TAMS 0x0000000081c00000, 0x0000000081b00000| Untracked 
|  28|0x0000000081c00000, 0x0000000081d00000, 0x0000000081d00000|100%| O|  |TAMS 0x0000000081d00000, 0x0000000081c00000| Untracked 
|  29|0x0000000081d00000, 0x0000000081e00000, 0x0000000081e00000|100%| O|  |TAMS 0x0000000081e00000, 0x0000000081d00000| Untracked 
|  30|0x0000000081e00000, 0x0000000081f00000, 0x0000000081f00000|100%| O|  |TAMS 0x0000000081f00000, 0x0000000081e00000| Untracked 
|  31|0x0000000081f00000, 0x0000000082000000, 0x0000000082000000|100%| O|  |TAMS 0x0000000082000000, 0x0000000081f00000| Untracked 
|  32|0x0000000082000000, 0x0000000082100000, 0x0000000082100000|100%| O|  |TAMS 0x0000000082100000, 0x0000000082000000| Untracked 
|  33|0x0000000082100000, 0x0000000082200000, 0x0000000082200000|100%| O|  |TAMS 0x0000000082200000, 0x0000000082100000| Untracked 
|  34|0x0000000082200000, 0x0000000082300000, 0x0000000082300000|100%|HS|  |TAMS 0x0000000082300000, 0x0000000082200000| Complete 
|  35|0x0000000082300000, 0x0000000082400000, 0x0000000082400000|100%|HC|  |TAMS 0x0000000082400000, 0x0000000082300000| Complete 
|  36|0x0000000082400000, 0x0000000082500000, 0x0000000082500000|100%|HC|  |TAMS 0x0000000082500000, 0x0000000082400000| Complete 
|  37|0x0000000082500000, 0x0000000082600000, 0x0000000082600000|100%| O|  |TAMS 0x0000000082600000, 0x0000000082500000| Untracked 
|  38|0x0000000082600000, 0x0000000082700000, 0x0000000082700000|100%| O|  |TAMS 0x0000000082700000, 0x0000000082600000| Untracked 
|  39|0x0000000082700000, 0x0000000082800000, 0x0000000082800000|100%| O|  |TAMS 0x0000000082800000, 0x0000000082700000| Untracked 
|  40|0x0000000082800000, 0x0000000082900000, 0x0000000082900000|100%| O|  |TAMS 0x0000000082900000, 0x0000000082800000| Untracked 
|  41|0x0000000082900000, 0x0000000082a00000, 0x0000000082a00000|100%| O|  |TAMS 0x0000000082a00000, 0x0000000082900000| Untracked 
|  42|0x0000000082a00000, 0x0000000082b00000, 0x0000000082b00000|100%|HS|  |TAMS 0x0000000082b00000, 0x0000000082a00000| Complete 
|  43|0x0000000082b00000, 0x0000000082c00000, 0x0000000082c00000|100%| O|  |TAMS 0x0000000082c00000, 0x0000000082b00000| Untracked 
|  44|0x0000000082c00000, 0x0000000082d00000, 0x0000000082d00000|100%| O|  |TAMS 0x0000000082d00000, 0x0000000082c00000| Untracked 
|  45|0x0000000082d00000, 0x0000000082e00000, 0x0000000082e00000|100%| O|  |TAMS 0x0000000082e00000, 0x0000000082d00000| Untracked 
|  46|0x0000000082e00000, 0x0000000082f00000, 0x0000000082f00000|100%| O|  |TAMS 0x0000000082f00000, 0x0000000082e00000| Untracked 
|  47|0x0000000082f00000, 0x0000000083000000, 0x0000000083000000|100%| O|  |TAMS 0x0000000083000000, 0x0000000082f00000| Untracked 
|  48|0x0000000083000000, 0x0000000083100000, 0x0000000083100000|100%|HS|  |TAMS 0x0000000083100000, 0x0000000083000000| Complete 
|  49|0x0000000083100000, 0x0000000083200000, 0x0000000083200000|100%|HC|  |TAMS 0x0000000083200000, 0x0000000083100000| Complete 
|  50|0x0000000083200000, 0x0000000083300000, 0x0000000083300000|100%|HC|  |TAMS 0x0000000083300000, 0x0000000083200000| Complete 
|  51|0x0000000083300000, 0x0000000083400000, 0x0000000083400000|100%|HC|  |TAMS 0x0000000083400000, 0x0000000083300000| Complete 
|  52|0x0000000083400000, 0x0000000083500000, 0x0000000083500000|100%| O|  |TAMS 0x0000000083500000, 0x0000000083400000| Untracked 
|  53|0x0000000083500000, 0x0000000083600000, 0x0000000083600000|100%| O|  |TAMS 0x0000000083600000, 0x0000000083500000| Untracked 
|  54|0x0000000083600000, 0x0000000083700000, 0x0000000083700000|100%| O|  |TAMS 0x0000000083700000, 0x0000000083600000| Untracked 
|  55|0x0000000083700000, 0x0000000083800000, 0x0000000083800000|100%| O|  |TAMS 0x0000000083800000, 0x0000000083700000| Untracked 
|  56|0x0000000083800000, 0x0000000083900000, 0x0000000083900000|100%| O|  |TAMS 0x0000000083900000, 0x0000000083800000| Untracked 
|  57|0x0000000083900000, 0x0000000083a00000, 0x0000000083a00000|100%| O|  |TAMS 0x0000000083a00000, 0x0000000083900000| Untracked 
|  58|0x0000000083a00000, 0x0000000083b00000, 0x0000000083b00000|100%| O|  |TAMS 0x0000000083b00000, 0x0000000083a00000| Untracked 
|  59|0x0000000083b00000, 0x0000000083c00000, 0x0000000083c00000|100%| O|  |TAMS 0x0000000083c00000, 0x0000000083b00000| Untracked 
|  60|0x0000000083c00000, 0x0000000083d00000, 0x0000000083d00000|100%| O|  |TAMS 0x0000000083d00000, 0x0000000083c00000| Untracked 
|  61|0x0000000083d00000, 0x0000000083e00000, 0x0000000083e00000|100%| O|  |TAMS 0x0000000083e00000, 0x0000000083d00000| Untracked 
|  62|0x0000000083e00000, 0x0000000083f00000, 0x0000000083f00000|100%| O|  |TAMS 0x0000000083f00000, 0x0000000083e00000| Untracked 
|  63|0x0000000083f00000, 0x0000000084000000, 0x0000000084000000|100%| O|  |TAMS 0x0000000084000000, 0x0000000083f00000| Untracked 
|  64|0x0000000084000000, 0x0000000084100000, 0x0000000084100000|100%|HS|  |TAMS 0x0000000084100000, 0x0000000084000000| Complete 
|  65|0x0000000084100000, 0x0000000084200000, 0x0000000084200000|100%| O|  |TAMS 0x0000000084200000, 0x0000000084100000| Untracked 
|  66|0x0000000084200000, 0x0000000084300000, 0x0000000084300000|100%| O|  |TAMS 0x0000000084300000, 0x0000000084200000| Untracked 
|  67|0x0000000084300000, 0x0000000084400000, 0x0000000084400000|100%|HS|  |TAMS 0x0000000084400000, 0x0000000084300000| Complete 
|  68|0x0000000084400000, 0x0000000084500000, 0x0000000084500000|100%|HS|  |TAMS 0x0000000084500000, 0x0000000084400000| Complete 
|  69|0x0000000084500000, 0x0000000084600000, 0x0000000084600000|100%|HS|  |TAMS 0x0000000084600000, 0x0000000084500000| Complete 
|  70|0x0000000084600000, 0x0000000084700000, 0x0000000084700000|100%|HS|  |TAMS 0x0000000084700000, 0x0000000084600000| Complete 
|  71|0x0000000084700000, 0x0000000084800000, 0x0000000084800000|100%|HC|  |TAMS 0x0000000084800000, 0x0000000084700000| Complete 
|  72|0x0000000084800000, 0x0000000084900000, 0x0000000084900000|100%|HC|  |TAMS 0x0000000084900000, 0x0000000084800000| Complete 
|  73|0x0000000084900000, 0x0000000084a00000, 0x0000000084a00000|100%|HS|  |TAMS 0x0000000084a00000, 0x0000000084900000| Complete 
|  74|0x0000000084a00000, 0x0000000084b00000, 0x0000000084b00000|100%|HC|  |TAMS 0x0000000084b00000, 0x0000000084a00000| Complete 
|  75|0x0000000084b00000, 0x0000000084c00000, 0x0000000084c00000|100%| O|  |TAMS 0x0000000084c00000, 0x0000000084b00000| Untracked 
|  76|0x0000000084c00000, 0x0000000084d00000, 0x0000000084d00000|100%| O|  |TAMS 0x0000000084d00000, 0x0000000084c00000| Untracked 
|  77|0x0000000084d00000, 0x0000000084e00000, 0x0000000084e00000|100%| O|  |TAMS 0x0000000084e00000, 0x0000000084d00000| Untracked 
|  78|0x0000000084e00000, 0x0000000084f00000, 0x0000000084f00000|100%| O|  |TAMS 0x0000000084f00000, 0x0000000084e00000| Untracked 
|  79|0x0000000084f00000, 0x0000000085000000, 0x0000000085000000|100%| O|  |TAMS 0x0000000085000000, 0x0000000084f00000| Untracked 
|  80|0x0000000085000000, 0x0000000085100000, 0x0000000085100000|100%| O|  |TAMS 0x0000000085100000, 0x0000000085000000| Untracked 
|  81|0x0000000085100000, 0x0000000085200000, 0x0000000085200000|100%| O|  |TAMS 0x0000000085200000, 0x0000000085100000| Untracked 
|  82|0x0000000085200000, 0x0000000085300000, 0x0000000085300000|100%| O|  |TAMS 0x0000000085300000, 0x0000000085200000| Untracked 
|  83|0x0000000085300000, 0x0000000085400000, 0x0000000085400000|100%| O|  |TAMS 0x0000000085400000, 0x0000000085300000| Untracked 
|  84|0x0000000085400000, 0x0000000085500000, 0x0000000085500000|100%| O|  |TAMS 0x0000000085500000, 0x0000000085400000| Untracked 
|  85|0x0000000085500000, 0x0000000085600000, 0x0000000085600000|100%| O|  |TAMS 0x0000000085600000, 0x0000000085500000| Untracked 
|  86|0x0000000085600000, 0x0000000085700000, 0x0000000085700000|100%| O|  |TAMS 0x0000000085700000, 0x0000000085600000| Untracked 
|  87|0x0000000085700000, 0x0000000085800000, 0x0000000085800000|100%| O|  |TAMS 0x0000000085800000, 0x0000000085700000| Untracked 
|  88|0x0000000085800000, 0x0000000085900000, 0x0000000085900000|100%| O|  |TAMS 0x0000000085900000, 0x0000000085800000| Untracked 
|  89|0x0000000085900000, 0x0000000085a00000, 0x0000000085a00000|100%| O|  |TAMS 0x0000000085a00000, 0x0000000085900000| Untracked 
|  90|0x0000000085a00000, 0x0000000085b00000, 0x0000000085b00000|100%| O|  |TAMS 0x0000000085b00000, 0x0000000085a00000| Untracked 
|  91|0x0000000085b00000, 0x0000000085c00000, 0x0000000085c00000|100%| O|  |TAMS 0x0000000085c00000, 0x0000000085b00000| Untracked 
|  92|0x0000000085c00000, 0x0000000085d00000, 0x0000000085d00000|100%| O|  |TAMS 0x0000000085d00000, 0x0000000085c00000| Untracked 
|  93|0x0000000085d00000, 0x0000000085e00000, 0x0000000085e00000|100%| O|  |TAMS 0x0000000085d2a600, 0x0000000085d00000| Untracked 
|  94|0x0000000085e00000, 0x0000000085f00000, 0x0000000085f00000|100%|HS|  |TAMS 0x0000000085f00000, 0x0000000085e00000| Complete 
|  95|0x0000000085f00000, 0x0000000086000000, 0x0000000086000000|100%|HC|  |TAMS 0x0000000086000000, 0x0000000085f00000| Complete 
|  96|0x0000000086000000, 0x0000000086100000, 0x0000000086100000|100%|HS|  |TAMS 0x0000000086000000, 0x0000000086000000| Complete 
|  97|0x0000000086100000, 0x0000000086200000, 0x0000000086200000|100%|HC|  |TAMS 0x0000000086100000, 0x0000000086100000| Complete 
|  98|0x0000000086200000, 0x0000000086300000, 0x0000000086300000|100%|HC|  |TAMS 0x0000000086200000, 0x0000000086200000| Complete 
|  99|0x0000000086300000, 0x0000000086400000, 0x0000000086400000|100%|HS|  |TAMS 0x0000000086300000, 0x0000000086300000| Complete 
| 100|0x0000000086400000, 0x0000000086500000, 0x0000000086500000|100%|HS|  |TAMS 0x0000000086400000, 0x0000000086400000| Complete 
| 101|0x0000000086500000, 0x0000000086600000, 0x0000000086600000|100%|HC|  |TAMS 0x0000000086500000, 0x0000000086500000| Complete 
| 102|0x0000000086600000, 0x0000000086700000, 0x0000000086700000|100%|HC|  |TAMS 0x0000000086600000, 0x0000000086600000| Complete 
| 103|0x0000000086700000, 0x0000000086800000, 0x0000000086800000|100%|HC|  |TAMS 0x0000000086700000, 0x0000000086700000| Complete 
| 104|0x0000000086800000, 0x0000000086900000, 0x0000000086900000|100%| O|  |TAMS 0x0000000086800000, 0x0000000086800000| Untracked 
| 105|0x0000000086900000, 0x0000000086a00000, 0x0000000086a00000|100%| O|  |TAMS 0x0000000086900000, 0x0000000086900000| Untracked 
| 106|0x0000000086a00000, 0x0000000086aab200, 0x0000000086b00000| 66%| O|  |TAMS 0x0000000086a00000, 0x0000000086a00000| Untracked 
| 107|0x0000000086b00000, 0x0000000086b00000, 0x0000000086c00000|  0%| F|  |TAMS 0x0000000086b00000, 0x0000000086b00000| Untracked 
| 108|0x0000000086c00000, 0x0000000086c00000, 0x0000000086d00000|  0%| F|  |TAMS 0x0000000086c00000, 0x0000000086c00000| Untracked 
| 109|0x0000000086d00000, 0x0000000086d00000, 0x0000000086e00000|  0%| F|  |TAMS 0x0000000086d00000, 0x0000000086d00000| Untracked 
| 110|0x0000000086e00000, 0x0000000086e00000, 0x0000000086f00000|  0%| F|  |TAMS 0x0000000086e00000, 0x0000000086e00000| Untracked 
| 111|0x0000000086f00000, 0x0000000086f00000, 0x0000000087000000|  0%| F|  |TAMS 0x0000000086f00000, 0x0000000086f00000| Untracked 
| 112|0x0000000087000000, 0x0000000087000000, 0x0000000087100000|  0%| F|  |TAMS 0x0000000087000000, 0x0000000087000000| Untracked 
| 113|0x0000000087100000, 0x0000000087100000, 0x0000000087200000|  0%| F|  |TAMS 0x0000000087100000, 0x0000000087100000| Untracked 
| 114|0x0000000087200000, 0x0000000087200000, 0x0000000087300000|  0%| F|  |TAMS 0x0000000087200000, 0x0000000087200000| Untracked 
| 115|0x0000000087300000, 0x0000000087300000, 0x0000000087400000|  0%| F|  |TAMS 0x0000000087300000, 0x0000000087300000| Untracked 
| 116|0x0000000087400000, 0x0000000087400000, 0x0000000087500000|  0%| F|  |TAMS 0x0000000087400000, 0x0000000087400000| Untracked 
| 117|0x0000000087500000, 0x0000000087500000, 0x0000000087600000|  0%| F|  |TAMS 0x0000000087500000, 0x0000000087500000| Untracked 
| 118|0x0000000087600000, 0x0000000087600000, 0x0000000087700000|  0%| F|  |TAMS 0x0000000087600000, 0x0000000087600000| Untracked 
| 119|0x0000000087700000, 0x0000000087700000, 0x0000000087800000|  0%| F|  |TAMS 0x0000000087700000, 0x0000000087700000| Untracked 
| 120|0x0000000087800000, 0x0000000087800000, 0x0000000087900000|  0%| F|  |TAMS 0x0000000087800000, 0x0000000087800000| Untracked 
| 121|0x0000000087900000, 0x0000000087900000, 0x0000000087a00000|  0%| F|  |TAMS 0x0000000087900000, 0x0000000087900000| Untracked 
| 122|0x0000000087a00000, 0x0000000087a00000, 0x0000000087b00000|  0%| F|  |TAMS 0x0000000087a00000, 0x0000000087a00000| Untracked 
| 123|0x0000000087b00000, 0x0000000087b00000, 0x0000000087c00000|  0%| F|  |TAMS 0x0000000087b00000, 0x0000000087b00000| Untracked 
| 124|0x0000000087c00000, 0x0000000087c00000, 0x0000000087d00000|  0%| F|  |TAMS 0x0000000087c00000, 0x0000000087c00000| Untracked 
| 125|0x0000000087d00000, 0x0000000087d00000, 0x0000000087e00000|  0%| F|  |TAMS 0x0000000087d00000, 0x0000000087d00000| Untracked 
| 126|0x0000000087e00000, 0x0000000087e00000, 0x0000000087f00000|  0%| F|  |TAMS 0x0000000087e00000, 0x0000000087e00000| Untracked 
| 127|0x0000000087f00000, 0x0000000087f00000, 0x0000000088000000|  0%| F|  |TAMS 0x0000000087f00000, 0x0000000087f00000| Untracked 
| 128|0x0000000088000000, 0x0000000088000000, 0x0000000088100000|  0%| F|  |TAMS 0x0000000088000000, 0x0000000088000000| Untracked 
| 129|0x0000000088100000, 0x0000000088100000, 0x0000000088200000|  0%| F|  |TAMS 0x0000000088100000, 0x0000000088100000| Untracked 
| 130|0x0000000088200000, 0x0000000088200000, 0x0000000088300000|  0%| F|  |TAMS 0x0000000088200000, 0x0000000088200000| Untracked 
| 131|0x0000000088300000, 0x0000000088300000, 0x0000000088400000|  0%| F|  |TAMS 0x0000000088300000, 0x0000000088300000| Untracked 
| 132|0x0000000088400000, 0x0000000088400000, 0x0000000088500000|  0%| F|  |TAMS 0x0000000088400000, 0x0000000088400000| Untracked 
| 133|0x0000000088500000, 0x0000000088500000, 0x0000000088600000|  0%| F|  |TAMS 0x0000000088500000, 0x0000000088500000| Untracked 
| 134|0x0000000088600000, 0x0000000088600000, 0x0000000088700000|  0%| F|  |TAMS 0x0000000088600000, 0x0000000088600000| Untracked 
| 135|0x0000000088700000, 0x0000000088700000, 0x0000000088800000|  0%| F|  |TAMS 0x0000000088700000, 0x0000000088700000| Untracked 
| 136|0x0000000088800000, 0x0000000088800000, 0x0000000088900000|  0%| F|  |TAMS 0x0000000088800000, 0x0000000088800000| Untracked 
| 137|0x0000000088900000, 0x0000000088900000, 0x0000000088a00000|  0%| F|  |TAMS 0x0000000088900000, 0x0000000088900000| Untracked 
| 138|0x0000000088a00000, 0x0000000088a00000, 0x0000000088b00000|  0%| F|  |TAMS 0x0000000088a00000, 0x0000000088a00000| Untracked 
| 139|0x0000000088b00000, 0x0000000088b00000, 0x0000000088c00000|  0%| F|  |TAMS 0x0000000088b00000, 0x0000000088b00000| Untracked 
| 140|0x0000000088c00000, 0x0000000088c00000, 0x0000000088d00000|  0%| F|  |TAMS 0x0000000088c00000, 0x0000000088c00000| Untracked 
| 141|0x0000000088d00000, 0x0000000088d00000, 0x0000000088e00000|  0%| F|  |TAMS 0x0000000088d00000, 0x0000000088d00000| Untracked 
| 142|0x0000000088e00000, 0x0000000088e00000, 0x0000000088f00000|  0%| F|  |TAMS 0x0000000088e00000, 0x0000000088e00000| Untracked 
| 143|0x0000000088f00000, 0x0000000088f00000, 0x0000000089000000|  0%| F|  |TAMS 0x0000000088f00000, 0x0000000088f00000| Untracked 
| 144|0x0000000089000000, 0x0000000089000000, 0x0000000089100000|  0%| F|  |TAMS 0x0000000089000000, 0x0000000089000000| Untracked 
| 145|0x0000000089100000, 0x0000000089100000, 0x0000000089200000|  0%| F|  |TAMS 0x0000000089100000, 0x0000000089100000| Untracked 
| 146|0x0000000089200000, 0x0000000089200000, 0x0000000089300000|  0%| F|  |TAMS 0x0000000089200000, 0x0000000089200000| Untracked 
| 147|0x0000000089300000, 0x0000000089400000, 0x0000000089400000|100%| S|CS|TAMS 0x0000000089300000, 0x0000000089300000| Complete 
| 148|0x0000000089400000, 0x0000000089500000, 0x0000000089500000|100%| S|CS|TAMS 0x0000000089400000, 0x0000000089400000| Complete 
| 149|0x0000000089500000, 0x0000000089600000, 0x0000000089600000|100%| S|CS|TAMS 0x0000000089500000, 0x0000000089500000| Complete 
| 150|0x0000000089600000, 0x0000000089700000, 0x0000000089700000|100%| S|CS|TAMS 0x0000000089600000, 0x0000000089600000| Complete 
| 151|0x0000000089700000, 0x0000000089800000, 0x0000000089800000|100%| S|CS|TAMS 0x0000000089700000, 0x0000000089700000| Complete 
| 152|0x0000000089800000, 0x0000000089900000, 0x0000000089900000|100%| S|CS|TAMS 0x0000000089800000, 0x0000000089800000| Complete 
| 153|0x0000000089900000, 0x0000000089a00000, 0x0000000089a00000|100%| S|CS|TAMS 0x0000000089900000, 0x0000000089900000| Complete 
| 154|0x0000000089a00000, 0x0000000089b00000, 0x0000000089b00000|100%| S|CS|TAMS 0x0000000089a00000, 0x0000000089a00000| Complete 
| 155|0x0000000089b00000, 0x0000000089b00000, 0x0000000089c00000|  0%| F|  |TAMS 0x0000000089b00000, 0x0000000089b00000| Untracked 
| 156|0x0000000089c00000, 0x0000000089c00000, 0x0000000089d00000|  0%| F|  |TAMS 0x0000000089c00000, 0x0000000089c00000| Untracked 
| 157|0x0000000089d00000, 0x0000000089d00000, 0x0000000089e00000|  0%| F|  |TAMS 0x0000000089d00000, 0x0000000089d00000| Untracked 
| 158|0x0000000089e00000, 0x0000000089e00000, 0x0000000089f00000|  0%| F|  |TAMS 0x0000000089e00000, 0x0000000089e00000| Untracked 
| 159|0x0000000089f00000, 0x0000000089f00000, 0x000000008a000000|  0%| F|  |TAMS 0x0000000089f00000, 0x0000000089f00000| Untracked 
| 160|0x000000008a000000, 0x000000008a000000, 0x000000008a100000|  0%| F|  |TAMS 0x000000008a000000, 0x000000008a000000| Untracked 
| 161|0x000000008a100000, 0x000000008a100000, 0x000000008a200000|  0%| F|  |TAMS 0x000000008a100000, 0x000000008a100000| Untracked 
| 162|0x000000008a200000, 0x000000008a200000, 0x000000008a300000|  0%| F|  |TAMS 0x000000008a200000, 0x000000008a200000| Untracked 
| 163|0x000000008a300000, 0x000000008a300000, 0x000000008a400000|  0%| F|  |TAMS 0x000000008a300000, 0x000000008a300000| Untracked 
| 164|0x000000008a400000, 0x000000008a400000, 0x000000008a500000|  0%| F|  |TAMS 0x000000008a400000, 0x000000008a400000| Untracked 
| 165|0x000000008a500000, 0x000000008a500000, 0x000000008a600000|  0%| F|  |TAMS 0x000000008a500000, 0x000000008a500000| Untracked 
| 166|0x000000008a600000, 0x000000008a600000, 0x000000008a700000|  0%| F|  |TAMS 0x000000008a600000, 0x000000008a600000| Untracked 
| 167|0x000000008a700000, 0x000000008a700000, 0x000000008a800000|  0%| F|  |TAMS 0x000000008a700000, 0x000000008a700000| Untracked 
| 168|0x000000008a800000, 0x000000008a800000, 0x000000008a900000|  0%| F|  |TAMS 0x000000008a800000, 0x000000008a800000| Untracked 
| 169|0x000000008a900000, 0x000000008a900000, 0x000000008aa00000|  0%| F|  |TAMS 0x000000008a900000, 0x000000008a900000| Untracked 
| 170|0x000000008aa00000, 0x000000008aa00000, 0x000000008ab00000|  0%| F|  |TAMS 0x000000008aa00000, 0x000000008aa00000| Untracked 
| 171|0x000000008ab00000, 0x000000008ab00000, 0x000000008ac00000|  0%| F|  |TAMS 0x000000008ab00000, 0x000000008ab00000| Untracked 
| 172|0x000000008ac00000, 0x000000008ac00000, 0x000000008ad00000|  0%| F|  |TAMS 0x000000008ac00000, 0x000000008ac00000| Untracked 
| 173|0x000000008ad00000, 0x000000008ad00000, 0x000000008ae00000|  0%| F|  |TAMS 0x000000008ad00000, 0x000000008ad00000| Untracked 
| 174|0x000000008ae00000, 0x000000008ae00000, 0x000000008af00000|  0%| F|  |TAMS 0x000000008ae00000, 0x000000008ae00000| Untracked 
| 175|0x000000008af00000, 0x000000008af00000, 0x000000008b000000|  0%| F|  |TAMS 0x000000008af00000, 0x000000008af00000| Untracked 
| 176|0x000000008b000000, 0x000000008b000000, 0x000000008b100000|  0%| F|  |TAMS 0x000000008b000000, 0x000000008b000000| Untracked 
| 177|0x000000008b100000, 0x000000008b100000, 0x000000008b200000|  0%| F|  |TAMS 0x000000008b100000, 0x000000008b100000| Untracked 
| 178|0x000000008b200000, 0x000000008b200000, 0x000000008b300000|  0%| F|  |TAMS 0x000000008b200000, 0x000000008b200000| Untracked 
| 179|0x000000008b300000, 0x000000008b300000, 0x000000008b400000|  0%| F|  |TAMS 0x000000008b300000, 0x000000008b300000| Untracked 
| 180|0x000000008b400000, 0x000000008b400000, 0x000000008b500000|  0%| F|  |TAMS 0x000000008b400000, 0x000000008b400000| Untracked 
| 181|0x000000008b500000, 0x000000008b500000, 0x000000008b600000|  0%| F|  |TAMS 0x000000008b500000, 0x000000008b500000| Untracked 
| 182|0x000000008b600000, 0x000000008b600000, 0x000000008b700000|  0%| F|  |TAMS 0x000000008b600000, 0x000000008b600000| Untracked 
| 183|0x000000008b700000, 0x000000008b700000, 0x000000008b800000|  0%| F|  |TAMS 0x000000008b700000, 0x000000008b700000| Untracked 
| 184|0x000000008b800000, 0x000000008b800000, 0x000000008b900000|  0%| F|  |TAMS 0x000000008b800000, 0x000000008b800000| Untracked 
| 185|0x000000008b900000, 0x000000008b900000, 0x000000008ba00000|  0%| F|  |TAMS 0x000000008b900000, 0x000000008b900000| Untracked 
| 186|0x000000008ba00000, 0x000000008ba00000, 0x000000008bb00000|  0%| F|  |TAMS 0x000000008ba00000, 0x000000008ba00000| Untracked 
| 187|0x000000008bb00000, 0x000000008bb00000, 0x000000008bc00000|  0%| F|  |TAMS 0x000000008bb00000, 0x000000008bb00000| Untracked 
| 188|0x000000008bc00000, 0x000000008bc00000, 0x000000008bd00000|  0%| F|  |TAMS 0x000000008bc00000, 0x000000008bc00000| Untracked 
| 189|0x000000008bd00000, 0x000000008bd00000, 0x000000008be00000|  0%| F|  |TAMS 0x000000008bd00000, 0x000000008bd00000| Untracked 
| 190|0x000000008be00000, 0x000000008be00000, 0x000000008bf00000|  0%| F|  |TAMS 0x000000008be00000, 0x000000008be00000| Untracked 
| 191|0x000000008bf00000, 0x000000008bf00000, 0x000000008c000000|  0%| F|  |TAMS 0x000000008bf00000, 0x000000008bf00000| Untracked 
| 192|0x000000008c000000, 0x000000008c000000, 0x000000008c100000|  0%| F|  |TAMS 0x000000008c000000, 0x000000008c000000| Untracked 
| 193|0x000000008c100000, 0x000000008c100000, 0x000000008c200000|  0%| F|  |TAMS 0x000000008c100000, 0x000000008c100000| Untracked 
| 194|0x000000008c200000, 0x000000008c200000, 0x000000008c300000|  0%| F|  |TAMS 0x000000008c200000, 0x000000008c200000| Untracked 
| 195|0x000000008c300000, 0x000000008c300000, 0x000000008c400000|  0%| F|  |TAMS 0x000000008c300000, 0x000000008c300000| Untracked 
| 196|0x000000008c400000, 0x000000008c400000, 0x000000008c500000|  0%| F|  |TAMS 0x000000008c400000, 0x000000008c400000| Untracked 
| 197|0x000000008c500000, 0x000000008c500000, 0x000000008c600000|  0%| F|  |TAMS 0x000000008c500000, 0x000000008c500000| Untracked 
| 198|0x000000008c600000, 0x000000008c600000, 0x000000008c700000|  0%| F|  |TAMS 0x000000008c600000, 0x000000008c600000| Untracked 
| 199|0x000000008c700000, 0x000000008c700000, 0x000000008c800000|  0%| F|  |TAMS 0x000000008c700000, 0x000000008c700000| Untracked 
| 200|0x000000008c800000, 0x000000008c800000, 0x000000008c900000|  0%| F|  |TAMS 0x000000008c800000, 0x000000008c800000| Untracked 
| 201|0x000000008c900000, 0x000000008c900000, 0x000000008ca00000|  0%| F|  |TAMS 0x000000008c900000, 0x000000008c900000| Untracked 
| 202|0x000000008ca00000, 0x000000008ca00000, 0x000000008cb00000|  0%| F|  |TAMS 0x000000008ca00000, 0x000000008ca00000| Untracked 
| 203|0x000000008cb00000, 0x000000008cb00000, 0x000000008cc00000|  0%| F|  |TAMS 0x000000008cb00000, 0x000000008cb00000| Untracked 
| 204|0x000000008cc00000, 0x000000008cc00000, 0x000000008cd00000|  0%| F|  |TAMS 0x000000008cc00000, 0x000000008cc00000| Untracked 
| 205|0x000000008cd00000, 0x000000008cd00000, 0x000000008ce00000|  0%| F|  |TAMS 0x000000008cd00000, 0x000000008cd00000| Untracked 
| 206|0x000000008ce00000, 0x000000008ce00000, 0x000000008cf00000|  0%| F|  |TAMS 0x000000008ce00000, 0x000000008ce00000| Untracked 
| 207|0x000000008cf00000, 0x000000008cf00000, 0x000000008d000000|  0%| F|  |TAMS 0x000000008cf00000, 0x000000008cf00000| Untracked 
| 208|0x000000008d000000, 0x000000008d011d58, 0x000000008d100000|  6%| E|  |TAMS 0x000000008d000000, 0x000000008d000000| Complete 
| 209|0x000000008d100000, 0x000000008d200000, 0x000000008d200000|100%| E|CS|TAMS 0x000000008d100000, 0x000000008d100000| Complete 
| 210|0x000000008d200000, 0x000000008d300000, 0x000000008d300000|100%| E|CS|TAMS 0x000000008d200000, 0x000000008d200000| Complete 
| 211|0x000000008d300000, 0x000000008d400000, 0x000000008d400000|100%| E|CS|TAMS 0x000000008d300000, 0x000000008d300000| Complete 
| 212|0x000000008d400000, 0x000000008d500000, 0x000000008d500000|100%| E|CS|TAMS 0x000000008d400000, 0x000000008d400000| Complete 

Card table byte_map: [0x0000000015ca0000,0x00000000160a0000] _byte_map_base: 0x00000000158a0000

Marking Bits (Prev, Next): (CMBitMap*) 0x0000000000442d78, (CMBitMap*) 0x0000000000442db0
 Prev Bits: [0x00000000164a0000, 0x00000000184a0000)
 Next Bits: [0x00000000184a0000, 0x000000001a4a0000)

Polling page: 0x0000000000140000

Metaspace:

Usage:
  Non-class:     83.01 MB capacity,    81.67 MB ( 98%) used,     1.10 MB (  1%) free+waste,   237.56 KB ( <1%) overhead. 
      Class:     12.53 MB capacity,    11.79 MB ( 94%) used,   645.78 KB (  5%) free+waste,   108.19 KB ( <1%) overhead. 
       Both:     95.54 MB capacity,    93.47 MB ( 98%) used,     1.73 MB (  2%) free+waste,   345.75 KB ( <1%) overhead. 

Virtual space:
  Non-class space:       84.00 MB reserved,      83.15 MB ( 99%) committed 
      Class space:        1.00 GB reserved,      12.63 MB (  1%) committed 
             Both:        1.08 GB reserved,      95.78 MB (  9%) committed 

Chunk freelists:
   Non-Class:  21.00 KB
       Class:  0 bytes
        Both:  21.00 KB

MaxMetaspaceSize: 17179869184.00 GB
CompressedClassSpaceSize: 1.00 GB
Initial GC threshold: 20.80 MB
Current GC threshold: 154.84 MB
CDS: off

CodeHeap 'non-profiled nmethods': size=120064Kb used=7510Kb max_used=7510Kb free=112554Kb
 bounds [0x000000000df40000, 0x000000000e6a0000, 0x0000000015480000]
CodeHeap 'profiled nmethods': size=120000Kb used=27104Kb max_used=27104Kb free=92895Kb
 bounds [0x0000000006a10000, 0x0000000008490000, 0x000000000df40000]
CodeHeap 'non-nmethods': size=5696Kb used=2397Kb max_used=2425Kb free=3298Kb
 bounds [0x0000000006480000, 0x00000000066f0000, 0x0000000006a10000]
 total_blobs=12855 nmethods=11930 adapters=838
 compilation: enabled
              stopped_count=0, restarted_count=0
 full_count=0

Compilation events (20 events):
Event: 475.586 Thread 0x000000001d713800 nmethod 12271 0x000000000e691f90 code [0x000000000e692160, 0x000000000e6928f8]
Event: 475.806 Thread 0x000000001d740000 12278       3       org.gradle.internal.component.external.model.DefaultModuleComponentArtifactMetadata::getComponentId (8 bytes)
Event: 475.807 Thread 0x000000001d740000 nmethod 12278 0x0000000008485e90 code [0x0000000008486040, 0x0000000008486178]
Event: 475.808 Thread 0x000000001d713800 12277   !   4       org.gradle.internal.serialize.kryo.KryoBackedDecoder::readNullableString (15 bytes)
Event: 476.152 Thread 0x000000001d713800 nmethod 12277 0x000000000e692f10 code [0x000000000e693160, 0x000000000e6949c8]
Event: 476.275 Thread 0x000000001d740000 12279       3       org.gradle.api.file.RelativePath::<init> (75 bytes)
Event: 476.277 Thread 0x000000001d740000 nmethod 12279 0x0000000008486210 code [0x0000000008486420, 0x0000000008486a18]
Event: 476.782 Thread 0x000000001d740000 12280       3       java.util.HashMap::putAll (7 bytes)
Event: 476.783 Thread 0x000000001d740000 nmethod 12280 0x0000000008486c90 code [0x0000000008486e40, 0x0000000008486f68]
Event: 476.788 Thread 0x000000001d740000 12281   !   3       sun.security.provider.AbstractDrbg::engineNextBytes (286 bytes)
Event: 476.798 Thread 0x000000001d740000 

Event: 477.224 Thread 0x000000001d740000 12282       3       org.gradle.internal.component.external.model.AbstractLazyModuleComponentResolveMetadata::getStatusScheme (5 bytes)
Event: 477.225 Thread 0x000000001d740000 nmethod 12282 0x0000000008487010 code [0x00000000084871c0, 0x00000000084872d8]
Event: 477.227 Thread 0x000000001d740000 12283       3       sun.security.ssl.OutputRecord::encrypt (26 bytes)
Event: 477.228 Thread 0x000000001d740000 nmethod 12283 0x0000000008487390 code [0x0000000008487560, 0x0000000008487768]
Event: 477.229 Thread 0x000000001d740000 12284       3       sun.security.ssl.Authenticator::toLong (110 bytes)
Event: 477.230 Thread 0x000000001d740000 nmethod 12284 0x0000000008487890 code [0x0000000008487a60, 0x0000000008487d78]
Event: 477.230 Thread 0x000000001d740000 12285       3       java.net.SocketOutputStream::write (8 bytes)
Event: 477.231 Thread 0x000000001d740000 nmethod 12285 0x0000000008487f10 code [0x00000000084880c0, 0x00000000084881e8]
Event: 477.936 Thread 0x000000001d713800 12286       4       java.io.WinNTFileSystem::resolve (275 bytes)

GC Heap History (20 events):
Event: 405.735 GC heap before
{Heap before GC invocations=60 (full 0):
 garbage-first heap   total 150528K, used 105602K [0x0000000080000000, 0x0000000100000000)
  region size 1024K, 30 young (30720K), 6 survivors (6144K)
 Metaspace       used 66137K, capacity 67723K, committed 67868K, reserved 1107968K
  class space    used 8246K, capacity 8807K, committed 8832K, reserved 1048576K
}
Event: 405.800 GC heap after
{Heap after GC invocations=61 (full 0):
 garbage-first heap   total 150528K, used 83354K [0x0000000080000000, 0x0000000100000000)
  region size 1024K, 3 young (3072K), 3 survivors (3072K)
 Metaspace       used 66137K, capacity 67723K, committed 67868K, reserved 1107968K
  class space    used 8246K, capacity 8807K, committed 8832K, reserved 1048576K
}
Event: 409.472 GC heap before
{Heap before GC invocations=61 (full 0):
 garbage-first heap   total 150528K, used 107930K [0x0000000080000000, 0x0000000100000000)
  region size 1024K, 28 young (28672K), 3 survivors (3072K)
 Metaspace       used 69219K, capacity 70885K, committed 71196K, reserved 1112064K
  class space    used 8635K, capacity 9219K, committed 9344K, reserved 1048576K
}
Event: 409.509 GC heap after
{Heap after GC invocations=62 (full 0):
 garbage-first heap   total 150528K, used 84031K [0x0000000080000000, 0x0000000100000000)
  region size 1024K, 1 young (1024K), 1 survivors (1024K)
 Metaspace       used 69219K, capacity 70885K, committed 71196K, reserved 1112064K
  class space    used 8635K, capacity 9219K, committed 9344K, reserved 1048576K
}
Event: 414.858 GC heap before
{Heap before GC invocations=63 (full 0):
 garbage-first heap   total 150528K, used 111679K [0x0000000080000000, 0x0000000100000000)
  region size 1024K, 28 young (28672K), 1 survivors (1024K)
 Metaspace       used 73421K, capacity 75241K, committed 75548K, reserved 1116160K
  class space    used 9111K, capacity 9754K, committed 9856K, reserved 1048576K
}
Event: 414.931 GC heap after
{Heap after GC invocations=64 (full 0):
 garbage-first heap   total 181248K, used 84739K [0x0000000080000000, 0x0000000100000000)
  region size 1024K, 2 young (2048K), 2 survivors (2048K)
 Metaspace       used 73421K, capacity 75241K, committed 75548K, reserved 1116160K
  class space    used 9111K, capacity 9754K, committed 9856K, reserved 1048576K
}
Event: 421.647 GC heap before
{Heap before GC invocations=64 (full 0):
 garbage-first heap   total 181248K, used 125699K [0x0000000080000000, 0x0000000100000000)
  region size 1024K, 43 young (44032K), 2 survivors (2048K)
 Metaspace       used 77659K, capacity 79535K, committed 79644K, reserved 1118208K
  class space    used 9636K, capacity 10307K, committed 10368K, reserved 1048576K
}
Event: 421.729 GC heap after
{Heap after GC invocations=65 (full 0):
 garbage-first heap   total 181248K, used 87920K [0x0000000080000000, 0x0000000100000000)
  region size 1024K, 5 young (5120K), 5 survivors (5120K)
 Metaspace       used 77659K, capacity 79535K, committed 79644K, reserved 1118208K
  class space    used 9636K, capacity 10307K, committed 10368K, reserved 1048576K
}
Event: 426.305 GC heap before
{Heap before GC invocations=66 (full 0):
 garbage-first heap   total 181248K, used 121712K [0x0000000080000000, 0x0000000100000000)
  region size 1024K, 39 young (39936K), 5 survivors (5120K)
 Metaspace       used 80770K, capacity 82603K, committed 82844K, reserved 1122304K
  class space    used 10031K, capacity 10705K, committed 10752K, reserved 1048576K
}
Event: 426.382 GC heap after
{Heap after GC invocations=67 (full 0):
 garbage-first heap   total 181248K, used 90725K [0x0000000080000000, 0x0000000100000000)
  region size 1024K, 3 young (3072K), 3 survivors (3072K)
 Metaspace       used 80770K, capacity 82603K, committed 82844K, reserved 1122304K
  class space    used 10031K, capacity 10705K, committed 10752K, reserved 1048576K
}
Event: 435.054 GC heap before
{Heap before GC invocations=68 (full 0):
 garbage-first heap   total 181248K, used 134757K [0x0000000080000000, 0x0000000100000000)
  region size 1024K, 45 young (46080K), 3 survivors (3072K)
 Metaspace       used 84069K, capacity 86007K, committed 86044K, reserved 1124352K
  class space    used 10430K, capacity 11130K, committed 11136K, reserved 1048576K
}
Event: 435.190 GC heap after
{Heap after GC invocations=69 (full 0):
 garbage-first heap   total 181248K, used 92270K [0x0000000080000000, 0x0000000100000000)
  region size 1024K, 5 young (5120K), 5 survivors (5120K)
 Metaspace       used 84069K, capacity 86007K, committed 86044K, reserved 1124352K
  class space    used 10430K, capacity 11130K, committed 11136K, reserved 1048576K
}
Event: 437.512 GC heap before
{Heap before GC invocations=69 (full 0):
 garbage-first heap   total 181248K, used 136302K [0x0000000080000000, 0x0000000100000000)
  region size 1024K, 48 young (49152K), 5 survivors (5120K)
 Metaspace       used 84501K, capacity 86545K, committed 86684K, reserved 1124352K
  class space    used 10478K, capacity 11202K, committed 11264K, reserved 1048576K
}
Event: 437.733 GC heap after
{Heap after GC invocations=70 (full 0):
 garbage-first heap   total 218112K, used 95513K [0x0000000080000000, 0x0000000100000000)
  region size 1024K, 6 young (6144K), 6 survivors (6144K)
 Metaspace       used 84501K, capacity 86545K, committed 86684K, reserved 1124352K
  class space    used 10478K, capacity 11202K, committed 11264K, reserved 1048576K
}
Event: 445.369 GC heap before
{Heap before GC invocations=71 (full 0):
 garbage-first heap   total 218112K, used 136473K [0x0000000080000000, 0x0000000100000000)
  region size 1024K, 46 young (47104K), 6 survivors (6144K)
 Metaspace       used 89330K, capacity 91385K, committed 91548K, reserved 1128448K
  class space    used 11271K, capacity 12022K, committed 12032K, reserved 1048576K
}
Event: 445.486 GC heap after
{Heap after GC invocations=72 (full 0):
 garbage-first heap   total 218112K, used 98426K [0x0000000080000000, 0x0000000100000000)
  region size 1024K, 3 young (3072K), 3 survivors (3072K)
 Metaspace       used 89330K, capacity 91385K, committed 91548K, reserved 1128448K
  class space    used 11271K, capacity 12022K, committed 12032K, reserved 1048576K
}
Event: 452.701 GC heap before
{Heap before GC invocations=72 (full 0):
 garbage-first heap   total 218112K, used 138362K [0x0000000080000000, 0x0000000100000000)
  region size 1024K, 41 young (41984K), 3 survivors (3072K)
 Metaspace       used 92777K, capacity 94866K, committed 95132K, reserved 1132544K
  class space    used 11751K, capacity 12518K, committed 12544K, reserved 1048576K
}
Event: 452.765 GC heap after
{Heap after GC invocations=73 (full 0):
 garbage-first heap   total 218112K, used 102121K [0x0000000080000000, 0x0000000100000000)
  region size 1024K, 5 young (5120K), 5 survivors (5120K)
 Metaspace       used 92777K, capacity 94866K, committed 95132K, reserved 1132544K
  class space    used 11751K, capacity 12518K, committed 12544K, reserved 1048576K
}
Event: 472.145 GC heap before
{Heap before GC invocations=74 (full 0):
 garbage-first heap   total 218112K, used 163561K [0x0000000080000000, 0x0000000100000000)
  region size 1024K, 58 young (59392K), 5 survivors (5120K)
 Metaspace       used 95682K, capacity 97767K, committed 98076K, reserved 1134592K
  class space    used 12078K, capacity 12832K, committed 12928K, reserved 1048576K
}
Event: 472.249 GC heap after
{Heap after GC invocations=75 (full 0):
 garbage-first heap   total 218112K, used 117420K [0x0000000080000000, 0x0000000100000000)
  region size 1024K, 8 young (8192K), 8 survivors (8192K)
 Metaspace       used 95682K, capacity 97767K, committed 98076K, reserved 1134592K
  class space    used 12078K, capacity 12832K, committed 12928K, reserved 1048576K
}

Deoptimization events (20 events):
Event: 458.792 Thread 0x000000001f024800 DEOPT PACKING pc=0x000000000e33de24 sp=0x00000000225b8e00
Event: 458.792 Thread 0x000000001f024800 DEOPT UNPACKING pc=0x00000000064ca1a9 sp=0x00000000225b8dc0 mode 2
Event: 458.792 Thread 0x000000001f024800 Uncommon trap: trap_request=0xffffff4d fr.pc=0x000000000e370ad8 relative=0x0000000000002cf8
Event: 458.792 Thread 0x000000001f024800 Uncommon trap: reason=unstable_if action=reinterpret pc=0x000000000e370ad8 method=java.security.MessageDigest.isEqual([B[B)Z @ 12 c2
Event: 458.792 Thread 0x000000001f024800 DEOPT PACKING pc=0x000000000e370ad8 sp=0x00000000225b8a50
Event: 458.792 Thread 0x000000001f024800 DEOPT UNPACKING pc=0x00000000064ca1a9 sp=0x00000000225b88b0 mode 2
Event: 458.806 Thread 0x000000001f024800 Uncommon trap: trap_request=0xffffff4d fr.pc=0x000000000e320250 relative=0x00000000000002b0
Event: 458.806 Thread 0x000000001f024800 Uncommon trap: reason=unstable_if action=reinterpret pc=0x000000000e320250 method=java.security.MessageDigest.isEqual([B[B)Z @ 12 c2
Event: 458.806 Thread 0x000000001f024800 DEOPT PACKING pc=0x000000000e320250 sp=0x00000000225b8250
Event: 458.806 Thread 0x000000001f024800 DEOPT UNPACKING pc=0x00000000064ca1a9 sp=0x00000000225b81d8 mode 2
Event: 458.927 Thread 0x000000001f024800 Uncommon trap: trap_request=0xffffff4d fr.pc=0x000000000e365344 relative=0x0000000000002664
Event: 458.927 Thread 0x000000001f024800 Uncommon trap: reason=unstable_if action=reinterpret pc=0x000000000e365344 method=sun.security.ssl.SSLSocketImpl.readApplicationRecord(Ljava/nio/ByteBuffer;)Ljava/nio/ByteBuffer; @ 129 c2
Event: 458.927 Thread 0x000000001f024800 DEOPT PACKING pc=0x000000000e365344 sp=0x00000000225b91a0
Event: 458.927 Thread 0x000000001f024800 DEOPT UNPACKING pc=0x00000000064ca1a9 sp=0x00000000225b9100 mode 2
Event: 467.634 Thread 0x000000001f024800 Uncommon trap: trap_request=0xffffff4d fr.pc=0x000000000e34151c relative=0x000000000000025c
Event: 467.634 Thread 0x000000001f024800 Uncommon trap: reason=unstable_if action=reinterpret pc=0x000000000e34151c method=sun.security.ssl.SSLSocketImpl$AppInputStream.checkEOF()Z @ 10 c2
Event: 467.635 Thread 0x000000001f024800 DEOPT PACKING pc=0x000000000e34151c sp=0x00000000225b96a0
Event: 467.635 Thread 0x000000001f024800 DEOPT UNPACKING pc=0x00000000064ca1a9 sp=0x00000000225b9678 mode 2
Event: 477.953 Thread 0x000000001f024800 DEOPT PACKING pc=0x000000000773d4ff sp=0x00000000225b91e0
Event: 477.953 Thread 0x000000001f024800 DEOPT UNPACKING pc=0x00000000064ca93f sp=0x00000000225b8700 mode 0

Classes redefined (0 events):
No events

Internal exceptions (20 events):
Event: 455.479 Thread 0x000000001f024800 Exception <a 'java/lang/NoSuchMethodError'{0x000000008c7ee5d8}: <clinit>> (0x000000008c7ee5d8) thrown at [./src/hotspot/share/prims/jni.cpp, line 1365]
Event: 455.999 Thread 0x000000001f024800 Exception <a 'sun/nio/fs/WindowsException'{0x000000008c5db468}> (0x000000008c5db468) thrown at [./src/hotspot/share/prims/jni.cpp, line 615]
Event: 457.490 Thread 0x000000001d740800 Exception <a 'java/lang/NoSuchMethodError'{0x000000008be359a8}: <clinit>> (0x000000008be359a8) thrown at [./src/hotspot/share/prims/jni.cpp, line 1365]
Event: 457.496 Thread 0x000000001d740800 Exception <a 'java/lang/NoSuchMethodError'{0x000000008be37210}: <clinit>> (0x000000008be37210) thrown at [./src/hotspot/share/prims/jni.cpp, line 1365]
Event: 457.500 Thread 0x000000001d740800 Exception <a 'java/lang/NoSuchMethodError'{0x000000008be43090}: <clinit>> (0x000000008be43090) thrown at [./src/hotspot/share/prims/jni.cpp, line 1365]
Event: 457.506 Thread 0x000000001d740800 Exception <a 'java/lang/NoSuchMethodError'{0x000000008be4d828}: <clinit>> (0x000000008be4d828) thrown at [./src/hotspot/share/prims/jni.cpp, line 1365]
Event: 457.566 Thread 0x000000001d740800 Exception <a 'java/lang/NoSuchMethodError'{0x000000008bd8eea0}: <clinit>> (0x000000008bd8eea0) thrown at [./src/hotspot/share/prims/jni.cpp, line 1365]
Event: 457.576 Thread 0x000000001d740800 Exception <a 'java/lang/NoSuchMethodError'{0x000000008bdaab90}: <clinit>> (0x000000008bdaab90) thrown at [./src/hotspot/share/prims/jni.cpp, line 1365]
Event: 457.577 Thread 0x000000001d740800 Exception <a 'java/lang/NoSuchMethodError'{0x000000008bdac2e8}: <clinit>> (0x000000008bdac2e8) thrown at [./src/hotspot/share/prims/jni.cpp, line 1365]
Event: 457.577 Thread 0x000000001d740800 Exception <a 'java/lang/NoSuchMethodError'{0x000000008bdae0c8}: <clinit>> (0x000000008bdae0c8) thrown at [./src/hotspot/share/prims/jni.cpp, line 1365]
Event: 458.188 Thread 0x000000001f024800 Exception <a 'java/lang/ClassNotFoundException'{0x000000008b8af018}: org/jetbrains/plugins/gradle/tooling/util/SourceSetCachedFinder$1BeanInfo> (0x000000008b8af018) thrown at [./src/hotspot/share/classfile/systemDictionary.cpp, line 231]
Event: 458.190 Thread 0x000000001f024800 Exception <a 'java/lang/ClassNotFoundException'{0x000000008b8c0758}: org/jetbrains/plugins/gradle/tooling/util/SourceSetCachedFinder$1Customizer> (0x000000008b8c0758) thrown at [./src/hotspot/share/classfile/systemDictionary.cpp, line 231]
Event: 458.205 Thread 0x000000001f024800 Exception <a 'java/lang/ClassNotFoundException'{0x000000008b8fbe80}: org/jetbrains/plugins/gradle/tooling/util/SourceSetCachedFinder$2BeanInfo> (0x000000008b8fbe80) thrown at [./src/hotspot/share/classfile/systemDictionary.cpp, line 231]
Event: 458.207 Thread 0x000000001f024800 Exception <a 'java/lang/ClassNotFoundException'{0x000000008b70daf8}: org/jetbrains/plugins/gradle/tooling/util/SourceSetCachedFinder$2Customizer> (0x000000008b70daf8) thrown at [./src/hotspot/share/classfile/systemDictionary.cpp, line 231]
Event: 458.219 Thread 0x000000001f024800 Exception <a 'java/lang/ClassNotFoundException'{0x000000008b742e78}: org/jetbrains/plugins/gradle/tooling/util/SourceSetCachedFinderBeanInfo> (0x000000008b742e78) thrown at [./src/hotspot/share/classfile/systemDictionary.cpp, line 231]
Event: 458.222 Thread 0x000000001f024800 Exception <a 'java/lang/ClassNotFoundException'{0x000000008b753cf0}: org/jetbrains/plugins/gradle/tooling/util/SourceSetCachedFinderCustomizer> (0x000000008b753cf0) thrown at [./src/hotspot/share/classfile/systemDictionary.cpp, line 231]
Event: 458.234 Thread 0x000000001f024800 Exception <a 'java/lang/ClassNotFoundException'{0x000000008b789e60}: org/jetbrains/plugins/gradle/tooling/util/SourceSetCachedFinder$ArtifactsMapBeanInfo> (0x000000008b789e60) thrown at [./src/hotspot/share/classfile/systemDictionary.cpp, line 231]
Event: 458.236 Thread 0x000000001f024800 Exception <a 'java/lang/ClassNotFoundException'{0x000000008b79c1a0}: org/jetbrains/plugins/gradle/tooling/util/SourceSetCachedFinder$ArtifactsMapCustomizer> (0x000000008b79c1a0) thrown at [./src/hotspot/share/classfile/systemDictionary.cpp, line 231]
Event: 458.792 Thread 0x000000001f024800 Implicit null exception at 0x000000000e36e47b to 0x000000000e370aa4
Event: 458.806 Thread 0x000000001f024800 Implicit null exception at 0x000000000e31ffb8 to 0x000000000e32023c

Events (20 events):
Event: 458.473 loading class org/gradle/internal/component/model/ComponentResolveMetadata
Event: 458.473 loading class org/gradle/internal/component/model/ComponentResolveMetadata done
Event: 458.474 loading class org/gradle/internal/component/model/ComponentResolveMetadata
Event: 458.474 loading class org/gradle/internal/component/model/ComponentResolveMetadata done
Event: 458.475 loading class org/gradle/internal/component/model/ComponentResolveMetadata
Event: 458.475 loading class org/gradle/internal/component/model/ComponentResolveMetadata done
Event: 458.475 loading class org/gradle/internal/component/model/ComponentResolveMetadata
Event: 458.475 loading class org/gradle/internal/component/model/ComponentResolveMetadata done
Event: 467.627 loading class javax/crypto/IllegalBlockSizeException
Event: 467.627 loading class javax/crypto/IllegalBlockSizeException done
Event: 467.636 loading class org/gradle/internal/resource/ResourceExceptions
Event: 467.636 loading class org/gradle/internal/resource/ResourceExceptions done
Event: 467.643 loading class org/gradle/api/internal/artifacts/repositories/transport/NetworkingIssueVerifier
Event: 467.643 loading class org/gradle/api/internal/artifacts/repositories/transport/NetworkingIssueVerifier done
Event: 467.646 loading class org/gradle/api/internal/artifacts/result/DefaultUnresolvedArtifactResult
Event: 467.646 loading class org/gradle/api/internal/artifacts/result/DefaultUnresolvedArtifactResult done
Event: 467.649 loading class org/gradle/api/artifacts/result/UnresolvedArtifactResult
Event: 467.649 loading class org/gradle/api/artifacts/result/UnresolvedArtifactResult done
Event: 472.145 Executing VM operation: G1CollectForAllocation
Event: 472.249 Executing VM operation: G1CollectForAllocation done


Dynamic libraries:
0x000000013f300000 - 0x000000013f30a000 	C:\Program Files\Android\Android Studio1\jre\bin\java.exe
0x0000000076f50000 - 0x00000000770ef000 	C:\Windows\SYSTEM32\ntdll.dll
0x000007feda250000 - 0x000007feda266000 	C:\Program Files\Avast Software\Avast\aswhook.dll
0x0000000076e30000 - 0x0000000076f4f000 	C:\Windows\system32\kernel32.dll
0x000007fefcdd0000 - 0x000007fefce37000 	C:\Windows\system32\KERNELBASE.dll
0x000007fef41d0000 - 0x000007fef41e9000 	C:\Program Files\Android\Android Studio1\jre\bin\jli.dll
0x000007fefb4f0000 - 0x000007fefb6e5000 	C:\Windows\WinSxS\amd64_microsoft.windows.common-controls_6595b64144ccf1df_6.0.7601.24483_none_e372d88f30fbb845\COMCTL32.dll
0x000007fefe1c0000 - 0x000007fefe25f000 	C:\Windows\system32\msvcrt.dll
0x000007feff090000 - 0x000007feff0f7000 	C:\Windows\system32\GDI32.dll
0x0000000076d30000 - 0x0000000076e2a000 	C:\Windows\system32\USER32.dll
0x000007fefe9b0000 - 0x000007fefe9be000 	C:\Windows\system32\LPK.dll
0x000007fefe4d0000 - 0x000007fefe59b000 	C:\Windows\system32\USP10.dll
0x000007fefd160000 - 0x000007fefd1d1000 	C:\Windows\system32\SHLWAPI.dll
0x000007fef4c60000 - 0x000007fef4c77000 	C:\Program Files\Android\Android Studio1\jre\bin\VCRUNTIME140.dll
0x000007fefa9f0000 - 0x000007fefa9f4000 	C:\Windows\system32\api-ms-win-crt-runtime-l1-1-0.dll
0x000007fecc640000 - 0x000007fecc734000 	C:\Windows\system32\ucrtbase.DLL
0x000007fefa9e0000 - 0x000007fefa9e3000 	C:\Windows\system32\api-ms-win-core-timezone-l1-1-0.dll
0x000007fef2160000 - 0x000007fef2163000 	C:\Windows\system32\api-ms-win-core-file-l2-1-0.dll
0x000007fef2170000 - 0x000007fef2173000 	C:\Windows\system32\api-ms-win-core-localization-l1-2-0.dll
0x000007fefa2b0000 - 0x000007fefa2b3000 	C:\Windows\system32\api-ms-win-core-synch-l1-2-0.dll
0x000007fef2140000 - 0x000007fef2143000 	C:\Windows\system32\api-ms-win-core-processthreads-l1-1-1.dll
0x000007fef2150000 - 0x000007fef2153000 	C:\Windows\system32\api-ms-win-core-file-l1-2-0.dll
0x000007fef2130000 - 0x000007fef2134000 	C:\Windows\system32\api-ms-win-crt-string-l1-1-0.dll
0x000007fef20e0000 - 0x000007fef20e3000 	C:\Windows\system32\api-ms-win-crt-heap-l1-1-0.dll
0x000007fef20c0000 - 0x000007fef20c4000 	C:\Windows\system32\api-ms-win-crt-stdio-l1-1-0.dll
0x000007fef20d0000 - 0x000007fef20d4000 	C:\Windows\system32\api-ms-win-crt-convert-l1-1-0.dll
0x000007fef2040000 - 0x000007fef2043000 	C:\Windows\system32\api-ms-win-crt-environment-l1-1-0.dll
0x000007feee960000 - 0x000007feee963000 	C:\Windows\system32\api-ms-win-crt-filesystem-l1-1-0.dll
0x000007fee72e0000 - 0x000007fee72e5000 	C:\Windows\system32\api-ms-win-crt-math-l1-1-0.dll
0x000007fed9f90000 - 0x000007fed9f93000 	C:\Windows\system32\api-ms-win-crt-locale-l1-1-0.dll
0x000007feff100000 - 0x000007feff12e000 	C:\Windows\system32\IMM32.DLL
0x000007feff130000 - 0x000007feff23b000 	C:\Windows\system32\MSCTF.dll
0x000007fef3f60000 - 0x000007fef3ffd000 	C:\Program Files\Android\Android Studio1\jre\bin\msvcp140.dll
0x000007fef2240000 - 0x000007fef2245000 	C:\Windows\system32\api-ms-win-crt-multibyte-l1-1-0.dll
0x000007fee72c0000 - 0x000007fee72c3000 	C:\Windows\system32\api-ms-win-crt-time-l1-1-0.dll
0x000007fef2050000 - 0x000007fef2053000 	C:\Windows\system32\api-ms-win-crt-utility-l1-1-0.dll
0x000007fec7530000 - 0x000007fec8015000 	C:\Program Files\Android\Android Studio1\jre\bin\server\jvm.dll
0x000007fefe3f0000 - 0x000007fefe4cb000 	C:\Windows\system32\ADVAPI32.dll
0x000007fefd230000 - 0x000007fefd24f000 	C:\Windows\SYSTEM32\sechost.dll
0x000007fefe5a0000 - 0x000007fefe6cc000 	C:\Windows\system32\RPCRT4.dll
0x000007fef97a0000 - 0x000007fef97a9000 	C:\Windows\system32\WSOCK32.dll
0x000007fefd1e0000 - 0x000007fefd22d000 	C:\Windows\system32\WS2_32.dll
0x000007fefe9a0000 - 0x000007fefe9a8000 	C:\Windows\system32\NSI.dll
0x000007feee980000 - 0x000007feee9bb000 	C:\Windows\system32\WINMM.dll
0x000007fefbb80000 - 0x000007fefbb8c000 	C:\Windows\system32\VERSION.dll
0x0000000077100000 - 0x0000000077107000 	C:\Windows\system32\PSAPI.DLL
0x000007feda190000 - 0x000007feda1a1000 	C:\Program Files\Android\Android Studio1\jre\bin\verify.dll
0x000007fefa180000 - 0x000007fefa2a5000 	C:\Windows\system32\DBGHELP.DLL
0x000007feda160000 - 0x000007feda189000 	C:\Program Files\Android\Android Studio1\jre\bin\java.dll
0x000007fee72d0000 - 0x000007fee72db000 	C:\Program Files\Android\Android Studio1\jre\bin\jimage.dll
0x000007feda140000 - 0x000007feda158000 	C:\Program Files\Android\Android Studio1\jre\bin\zip.dll
0x000007fefd430000 - 0x000007fefe1bb000 	C:\Windows\system32\SHELL32.dll
0x000007fefce60000 - 0x000007fefd05f000 	C:\Windows\system32\ole32.dll
0x000007fefcaa0000 - 0x000007fefcaaf000 	C:\Windows\system32\profapi.dll
0x000007feda120000 - 0x000007feda13a000 	C:\Program Files\Android\Android Studio1\jre\bin\net.dll
0x000007fef79f0000 - 0x000007fef7a61000 	C:\Windows\system32\WINHTTP.dll
0x000007fef7980000 - 0x000007fef79e5000 	C:\Windows\system32\webio.dll
0x000007fefc1e0000 - 0x000007fefc235000 	C:\Windows\system32\mswsock.dll
0x000007fefc1d0000 - 0x000007fefc1d7000 	C:\Windows\System32\wship6.dll
0x000007feda100000 - 0x000007feda114000 	C:\Program Files\Android\Android Studio1\jre\bin\nio.dll
0x000007fefa910000 - 0x000007fefa937000 	C:\Users\ton\.gradle\native\e1d6ef7f7dcc3fd88c89a11ec53ec762bb8ba0a96d01ffa2cd45eb1d1d8dd5c5\windows-amd64\native-platform.dll
0x000007fee72b0000 - 0x000007fee72ba000 	C:\Program Files\Android\Android Studio1\jre\bin\management.dll
0x000007fed9fb0000 - 0x000007fed9fbd000 	C:\Program Files\Android\Android Studio1\jre\bin\management_ext.dll
0x000007fefc240000 - 0x000007fefc258000 	C:\Windows\system32\CRYPTSP.dll
0x000007fefbf40000 - 0x000007fefbf87000 	C:\Windows\system32\rsaenh.dll
0x000007fefcac0000 - 0x000007fefcadf000 	C:\Windows\system32\USERENV.dll
0x000007fefc940000 - 0x000007fefc94f000 	C:\Windows\system32\CRYPTBASE.dll
0x000007fef9f10000 - 0x000007fef9f37000 	C:\Windows\system32\IPHLPAPI.DLL
0x000007fef9f00000 - 0x000007fef9f0b000 	C:\Windows\system32\WINNSI.DLL
0x000007fef97b0000 - 0x000007fef97c1000 	C:\Windows\system32\dhcpcsvc6.DLL
0x000007fef9ab0000 - 0x000007fef9ac8000 	C:\Windows\system32\dhcpcsvc.DLL
0x000007fed9440000 - 0x000007fed9467000 	C:\Program Files\Android\Android Studio1\jre\bin\sunec.dll
0x000007fefbc50000 - 0x000007fefbc57000 	C:\Windows\System32\wshtcpip.dll
0x000007fefc060000 - 0x000007fefc0bb000 	C:\Windows\system32\DNSAPI.dll
0x0000000073470000 - 0x0000000073496000 	C:\Program Files\Bonjour\mdnsNSP.dll
0x000007fef2920000 - 0x000007fef2928000 	C:\Windows\system32\rasadhlp.dll
0x000007fef9d10000 - 0x000007fef9d63000 	C:\Windows\System32\fwpuclnt.dll

dbghelp: loaded successfully - version: 4.0.5 - missing functions: none
symbol engine: initialized successfully - sym options: 0x614 - pdb path: .;C:\Program Files\Android\Android Studio1\jre\bin;C:\Windows\SYSTEM32;C:\Program Files\Avast Software\Avast;C:\Windows\WinSxS\amd64_microsoft.windows.common-controls_6595b64144ccf1df_6.0.7601.24483_none_e372d88f30fbb845;C:\Program Files\Android\Android Studio1\jre\bin\server;C:\Users\ton\.gradle\native\e1d6ef7f7dcc3fd88c89a11ec53ec762bb8ba0a96d01ffa2cd45eb1d1d8dd5c5\windows-amd64;C:\Program Files\Bonjour

VM Arguments:
jvm_args: --add-opens=java.base/java.util=ALL-UNNAMED --add-opens=java.base/java.lang=ALL-UNNAMED --add-opens=java.base/java.lang.invoke=ALL-UNNAMED --add-opens=java.base/java.util=ALL-UNNAMED --add-opens=java.prefs/java.util.prefs=ALL-UNNAMED --add-opens=java.prefs/java.util.prefs=ALL-UNNAMED --add-opens=java.base/java.nio.charset=ALL-UNNAMED --add-opens=java.base/java.net=ALL-UNNAMED --add-opens=java.base/java.util.concurrent.atomic=ALL-UNNAMED -Xmx2048m -Dfile.encoding=UTF-8 -Duser.country=BR -Duser.language=pt -Duser.variant 
java_command: org.gradle.launcher.daemon.bootstrap.GradleDaemon 7.2
java_class_path (initial): C:\Users\ton\.gradle\wrapper\dists\gradle-7.2-bin\2dnblmf4td7x66yl1d74lt32g\gradle-7.2\lib\gradle-launcher-7.2.jar
Launcher Type: SUN_STANDARD

[Global flags]
     intx CICompilerCount                          = 2                                         {product} {ergonomic}
     uint ConcGCThreads                            = 1                                         {product} {ergonomic}
     uint G1ConcRefinementThreads                  = 2                                         {product} {ergonomic}
   size_t G1HeapRegionSize                         = 1048576                                   {product} {ergonomic}
    uintx GCDrainStackTargetSize                   = 64                                        {product} {ergonomic}
   size_t InitialHeapSize                          = 127926272                                 {product} {ergonomic}
   size_t MarkStackSize                            = 4194304                                   {product} {ergonomic}
   size_t MaxHeapSize                              = 2147483648                                {product} {command line}
   size_t MaxNewSize                               = 1287651328                                {product} {ergonomic}
   size_t MinHeapDeltaBytes                        = 1048576                                   {product} {ergonomic}
    uintx NonNMethodCodeHeapSize                   = 5825164                                {pd product} {ergonomic}
    uintx NonProfiledCodeHeapSize                  = 122916538                              {pd product} {ergonomic}
    uintx ProfiledCodeHeapSize                     = 122916538                              {pd product} {ergonomic}
    uintx ReservedCodeCacheSize                    = 251658240                              {pd product} {ergonomic}
     bool SegmentedCodeCache                       = true                                      {product} {ergonomic}
     bool UseCompressedClassPointers               = true                                 {lp64_product} {ergonomic}
     bool UseCompressedOops                        = true                                 {lp64_product} {ergonomic}
     bool UseG1GC                                  = true                                      {product} {ergonomic}
     bool UseLargePagesIndividualAllocation        = false                                  {pd product} {ergonomic}

Logging:
Log output configuration:
 #0: stdout all=warning uptime,level,tags
 #1: stderr all=off uptime,level,tags

Environment Variables:
PATH=C:\Program Files (x86)\Common Files\Oracle\Java\javapath;C:\Windows\system32;C:\Windows;C:\Windows\System32\Wbem;C:\Windows\System32\WindowsPowerShell\v1.0\;C:\Program Files\Git\cmd
USERNAME=ton
OS=Windows_NT
PROCESSOR_IDENTIFIER=AMD64 Family 20 Model 2 Stepping 0, AuthenticAMD



---------------  S Y S T E M  ---------------

OS: Windows 7 , 64 bit Build 7601 (6.1.7601.24545)
OS uptime: 2 days 0:24 hours

CPU:total 2 (initial active 2) (2 cores per cpu, 1 threads per core) family 20 model 2 stepping 0 microcode 0x0, cmov, cx8, fxsr, mmx, sse, sse2, sse3, ssse3, popcnt, mmxext, lzcnt, sse4a, tsc, tscinvbit, tscinv

Memory: 4k page, system-wide physical 7762M (590M free)
TotalPageFile size 15524M (AvailPageFile size 2366M)
current process WorkingSet (physical memory assigned to process): 457M, peak: 465M
current process commit charge ("private bytes"): 488M, peak: 495M

vm_info: OpenJDK 64-Bit Server VM (11.0.12+7-b1504.28-7817840) for windows-amd64 JRE (11.0.12+7-b1504.28-7817840), built on Oct 13 2021 22:12:33 by "builder" with MS VC++ 14.0 (VS2015)

END.
